Arguments: 
  /usr/bin/node /usr/share/yarn/bin/yarn.js add vue-ally-dialog

PATH: 
  /home/samantha/.rvm/gems/ruby-3.0.2/bin:/home/samantha/.rvm/gems/ruby-3.0.2@global/bin:/home/samantha/.rvm/rubies/ruby-3.0.2/bin:/home/samantha/.rvm/bin:/usr/local/bin:/usr/bin:/bin:/usr/local/games:/usr/games:/snap/bin

Yarn version: 
  1.22.19

Node version: 
  14.21.1

Platform: 
  linux x64

Trace: 
  Error: https://registry.yarnpkg.com/vue-ally-dialog: Not found
      at Request.params.callback [as _callback] (/usr/share/yarn/lib/cli.js:66145:18)
      at Request.self.callback (/usr/share/yarn/lib/cli.js:140890:22)
      at Request.emit (events.js:400:28)
      at Request.<anonymous> (/usr/share/yarn/lib/cli.js:141862:10)
      at Request.emit (events.js:400:28)
      at IncomingMessage.<anonymous> (/usr/share/yarn/lib/cli.js:141784:12)
      at Object.onceWrapper (events.js:519:28)
      at IncomingMessage.emit (events.js:412:35)
      at endReadableNT (internal/streams/readable.js:1333:12)
      at processTicksAndRejections (internal/process/task_queues.js:82:21)

npm manifest: 
  No manifest

yarn manifest: 
  No manifest

Lockfile: 
  No lockfile
